 t: layer 4 (m)layer 5 (m)
               960000  -8.3819031715393066E-008   5.1222741603851318E-009
 iteraction (int)time in simulation (days)rate (int/s)
               960000   300.000000       44.5293770    
 t: layer 4 (m)layer 5 (m)
              1152000   4.4703483581542969E-008  -1.8626451492309570E-009
 iteraction (int)time in simulation (days)rate (int/s)
              1152000   360.000000       26.6328011    
 t: layer 4 (m)layer 5 (m)
              1344000  -1.3038516044616699E-008   0.0000000000000000     
 iteraction (int)time in simulation (days)rate (int/s)
              1344000   420.000000       20.6728001    
 t: layer 4 (m)layer 5 (m)
              1536000  -5.0291419029235840E-008  -1.7229467630386353E-008
 iteraction (int)time in simulation (days)rate (int/s)
              1536000   480.000000       17.7118092    
 t: layer 4 (m)layer 5 (m)
              1728000  -1.8626451492309570E-008   1.5832483768463135E-008
 iteraction (int)time in simulation (days)rate (int/s)
              1728000   540.000000       15.9404535    
